\BOOKMARK [0][-]{chapter.1}{Einleitung}{}% 1
\BOOKMARK [1][-]{section.1.1}{Wichtige\040Literatur}{chapter.1}% 2
\BOOKMARK [1][-]{section.1.2}{Skalen}{chapter.1}% 3
\BOOKMARK [-1][-]{part.1}{I\040Physikalische\040Grundlagen}{}% 4
\BOOKMARK [0][-]{chapter.2}{Klassische\040Mechanik}{part.1}% 5
\BOOKMARK [1][-]{section.2.1}{Newton'sche\040Mechanik}{chapter.2}% 6
\BOOKMARK [1][-]{section.2.2}{Lagrange-Formalismus}{chapter.2}% 7
\BOOKMARK [2][-]{subsection.2.2.1}{Langrange-Gleichungen\0401.\040Art}{section.2.2}% 8
\BOOKMARK [2][-]{subsection.2.2.2}{Langrange-Gleichungen\0402.\040Art}{section.2.2}% 9
\BOOKMARK [1][-]{section.2.3}{Hamilton-Formalismus}{chapter.2}% 10
\BOOKMARK [2][-]{subsection.2.3.1}{Poisson-Klammer}{section.2.3}% 11
\BOOKMARK [1][-]{section.2.4}{Harmonischer\040Oszillator}{chapter.2}% 12
\BOOKMARK [2][-]{subsection.2.4.1}{Ungedämpfter Fall}{section.2.4}% 13
\BOOKMARK [2][-]{subsection.2.4.2}{Gedämpfter Fall}{section.2.4}% 14
\BOOKMARK [3][-]{subsubsection.2.4.2.1}{Schwingfall}{subsection.2.4.2}% 15
\BOOKMARK [3][-]{subsubsection.2.4.2.2}{Kriechfall}{subsection.2.4.2}% 16
\BOOKMARK [3][-]{subsubsection.2.4.2.3}{Aperiodischer\040Grenzfall}{subsection.2.4.2}% 17
\BOOKMARK [2][-]{subsection.2.4.3}{Angetriebener\040Fall}{section.2.4}% 18
\BOOKMARK [0][-]{chapter.3}{Elektrodynamik}{part.1}% 19
\BOOKMARK [1][-]{section.3.1}{Lorentz-Kraft}{chapter.3}% 20
\BOOKMARK [1][-]{section.3.2}{Maxwell-Gleichungen}{chapter.3}% 21
\BOOKMARK [2][-]{subsection.3.2.1}{Formulierung über Potentiale}{section.3.2}% 22
\BOOKMARK [2][-]{subsection.3.2.2}{Kontinuitätsgleichung der Ladung}{section.3.2}% 23
\BOOKMARK [2][-]{subsection.3.2.3}{Lagrange-\040und\040Hamilton-Funktion\040eines\040Teilchens\040im\040EMF}{section.3.2}% 24
\BOOKMARK [1][-]{section.3.3}{Elektromagnetische\040Wellen}{chapter.3}% 25
\BOOKMARK [1][-]{section.3.4}{Energie\040des\040elektromagnetischen\040Feldes}{chapter.3}% 26
\BOOKMARK [2][-]{subsection.3.4.1}{Strahlungsgrößen}{section.3.4}% 27
\BOOKMARK [1][-]{section.3.5}{Spezielle Relativitätstheorie}{chapter.3}% 28
\BOOKMARK [1][-]{section.3.6}{Relativistische\040Behandlung\040des\040elektromagnetischen\040Feldes}{chapter.3}% 29
\BOOKMARK [0][-]{chapter.4}{Quantenmechanik}{part.1}% 30
\BOOKMARK [1][-]{section.4.1}{Freies\040Teilchen}{chapter.4}% 31
\BOOKMARK [1][-]{section.4.2}{Potentialtopf}{chapter.4}% 32
\BOOKMARK [1][-]{section.4.3}{Potentialstufe}{chapter.4}% 33
\BOOKMARK [1][-]{section.4.4}{Produktwellenfunktionen}{chapter.4}% 34
\BOOKMARK [1][-]{section.4.5}{Harmonischer\040Oszillator}{chapter.4}% 35
\BOOKMARK [1][-]{section.4.6}{Hilbert-Raum\040und\040Operatoren}{chapter.4}% 36
\BOOKMARK [2][-]{subsection.4.6.1}{Hilbert-Raum}{section.4.6}% 37
\BOOKMARK [2][-]{subsection.4.6.2}{Hermite'sche\040Operatoren}{section.4.6}% 38
\BOOKMARK [2][-]{subsection.4.6.3}{Kommutierende\040Operatoren}{section.4.6}% 39
\BOOKMARK [2][-]{subsection.4.6.4}{Leiteroperatoren}{section.4.6}% 40
\BOOKMARK [1][-]{section.4.7}{Unschärferelation}{chapter.4}% 41
\BOOKMARK [1][-]{section.4.8}{H-Atom}{chapter.4}% 42
\BOOKMARK [1][-]{section.4.9}{Drehimpuls}{chapter.4}% 43
\BOOKMARK [1][-]{section.4.10}{Spin}{chapter.4}% 44
\BOOKMARK [1][-]{section.4.11}{Störungstheorie}{chapter.4}% 45
\BOOKMARK [2][-]{subsection.4.11.1}{Zeitunabhängiger Fall}{section.4.11}% 46
\BOOKMARK [2][-]{subsection.4.11.2}{Spin-Bahn-Kopplung\040im\040H-Atom}{section.4.11}% 47
\BOOKMARK [2][-]{subsection.4.11.3}{Zeitabhängiger Fall}{section.4.11}% 48
\BOOKMARK [2][-]{subsection.4.11.4}{Übergänge im H-Atom}{section.4.11}% 49
\BOOKMARK [2][-]{subsection.4.11.5}{Relativistische\040Korrekturen\040im\040H-Atom}{section.4.11}% 50
\BOOKMARK [1][-]{section.4.12}{Mehrteilchensysteme}{chapter.4}% 51
\BOOKMARK [2][-]{subsection.4.12.1}{Molekülspektren}{section.4.12}% 52
\BOOKMARK [2][-]{subsection.4.12.2}{Chemische\040Reaktionen}{section.4.12}% 53
\BOOKMARK [0][-]{chapter.5}{Statistische\040Physik}{part.1}% 54
\BOOKMARK [1][-]{section.5.1}{Mikrokanonisches\040Ensemble}{chapter.5}% 55
\BOOKMARK [1][-]{section.5.2}{Kanonisches und großkanonisches Ensemble}{chapter.5}% 56
\BOOKMARK [2][-]{subsection.5.2.1}{Thermodynamische\040Potentiale}{section.5.2}% 57
\BOOKMARK [1][-]{section.5.3}{Ideales\040Gas}{chapter.5}% 58
\BOOKMARK [1][-]{section.5.4}{Klassische\040Systeme}{chapter.5}% 59
\BOOKMARK [2][-]{subsubsection.5.4.0.1}{Maxwell-Verteilung}{section.5.4}% 60
\BOOKMARK [3][-]{subsubsection.5.4.0.2}{Kinetisches\040Gasmodell}{subsubsection.5.4.0.1}% 61
\BOOKMARK [2][-]{subsection.5.4.1}{Clausius-Clapeyron-Gleichung}{section.5.4}% 62
\BOOKMARK [2][-]{subsection.5.4.2}{Osmotischer\040Druck}{section.5.4}% 63
\BOOKMARK [2][-]{subsection.5.4.3}{Dampfdruck über einer Salzlösung}{section.5.4}% 64
\BOOKMARK [2][-]{subsection.5.4.4}{Boltzmann-Gleichung}{section.5.4}% 65
\BOOKMARK [1][-]{section.5.5}{Kapillarität}{chapter.5}% 66
\BOOKMARK [2][-]{subsection.5.5.1}{Kelvin-Gleichung}{section.5.5}% 67
\BOOKMARK [1][-]{section.5.6}{Photonengas}{chapter.5}% 68
\BOOKMARK [-1][-]{part.2}{II\040Herrschende\040Gleichungen}{}% 69
\BOOKMARK [0][-]{chapter.6}{Zustand der Atmosphäre}{part.2}% 70
\BOOKMARK [1][-]{section.6.1}{Gasphase}{chapter.6}% 71
\BOOKMARK [1][-]{section.6.2}{Zweiter Kontinuumsübergang}{chapter.6}% 72
\BOOKMARK [2][-]{subsection.6.2.1}{Deskriptiver\040Informationsverlust}{section.6.2}% 73
\BOOKMARK [2][-]{subsection.6.2.2}{Forcings\040und\040Zeitableitungen}{section.6.2}% 74
\BOOKMARK [0][-]{chapter.7}{Kontinuitätsgleichungen}{part.2}% 75
\BOOKMARK [1][-]{section.7.1}{Grundlagen}{chapter.7}% 76
\BOOKMARK [1][-]{section.7.2}{Spezifizierung\040der\040Quelterme}{chapter.7}% 77
\BOOKMARK [2][-]{subsection.7.2.1}{Kollisionen}{section.7.2}% 78
\BOOKMARK [2][-]{subsection.7.2.2}{Zerfälle}{section.7.2}% 79
\BOOKMARK [1][-]{section.7.3}{Phasenübergänge}{chapter.7}% 80
\BOOKMARK [2][-]{subsection.7.3.1}{Kondensation\040und\040Resublimation}{section.7.3}% 81
\BOOKMARK [2][-]{subsection.7.3.2}{Wachstum}{section.7.3}% 82
\BOOKMARK [2][-]{subsection.7.3.3}{Gefrieren\040und\040Schmelzen}{section.7.3}% 83
\BOOKMARK [1][-]{section.7.4}{Zusammenfassung}{chapter.7}% 84
\BOOKMARK [2][-]{subsection.7.4.1}{Umrechnung auf spezifische Größen}{section.7.4}% 85
\BOOKMARK [0][-]{chapter.8}{Impulsgleichung}{part.2}% 86
\BOOKMARK [1][-]{section.8.1}{Scheinkräfte}{chapter.8}% 87
\BOOKMARK [1][-]{section.8.2}{Stress-Tensor}{chapter.8}% 88
\BOOKMARK [2][-]{subsection.8.2.1}{Inkompressibler\040Grenzfall}{section.8.2}% 89
\BOOKMARK [2][-]{subsection.8.2.2}{Dissipation}{section.8.2}% 90
\BOOKMARK [2][-]{subsection.8.2.3}{Thermodynamische\040Bedeutung\040der\040Reibung}{section.8.2}% 91
\BOOKMARK [2][-]{subsection.8.2.4}{Thermodynamische\040Bedeutung\040der\040Dissipation}{section.8.2}% 92
\BOOKMARK [1][-]{section.8.3}{Addition der Kräfte}{chapter.8}% 93
\BOOKMARK [1][-]{section.8.4}{Randbedingungen}{chapter.8}% 94
\BOOKMARK [0][-]{chapter.9}{Erster Hauptsatz in der Atmosphäre}{part.2}% 95
\BOOKMARK [1][-]{section.9.1}{Ideales\040einatomiges\040Gas}{chapter.9}% 96
\BOOKMARK [2][-]{subsection.9.1.1}{Erster\040Hauptsatz\040als\040Temperaturgleichung}{section.9.1}% 97
\BOOKMARK [2][-]{subsection.9.1.2}{Adiabate}{section.9.1}% 98
\BOOKMARK [2][-]{subsection.9.1.3}{Entropie\040als\040prognostische\040Variable}{section.9.1}% 99
\BOOKMARK [3][-]{subsubsection.9.1.3.1}{Potentielle\040Temperatur\040als\040prognostische\040Variable}{subsection.9.1.3}% 100
\BOOKMARK [1][-]{section.9.2}{Die isentrope trockene Atmosphäre}{chapter.9}% 101
\BOOKMARK [2][-]{subsection.9.2.1}{Weitere Formen des Ersten Hauptsatzes in der Atmosphäre}{section.9.2}% 102
\BOOKMARK [3][-]{subsubsection.9.2.1.1}{Druck\040als\040prognostische\040Variable}{subsection.9.2.1}% 103
\BOOKMARK [3][-]{subsubsection.9.2.1.2}{Exner-Druck\040als\040prognostische\040Variable}{subsection.9.2.1}% 104
\BOOKMARK [1][-]{section.9.3}{Ideales\040Gasgemisch\040mit\040homogener\040Zusammensetzung}{chapter.9}% 105
\BOOKMARK [1][-]{section.9.4}{Ideales\040Gasgemisch\040mit\040variabler\040Zusammensetzung}{chapter.9}% 106
\BOOKMARK [2][-]{subsection.9.4.1}{Beispiel:\040feuchte\040Luft}{section.9.4}% 107
\BOOKMARK [1][-]{section.9.5}{Thermodynamische Bedeutung der Wärmeleitung}{chapter.9}% 108
\BOOKMARK [1][-]{section.9.6}{Kondensate}{chapter.9}% 109
\BOOKMARK [0][-]{chapter.10}{Anwendung des Hamilton-Formalismus auf die Atmosphäre}{part.2}% 110
\BOOKMARK [1][-]{section.10.1}{Reversible trockene Atmosphäre}{chapter.10}% 111
\BOOKMARK [2][-]{subsection.10.1.1}{Semi-prognostische\040Variable}{section.10.1}% 112
\BOOKMARK [3][-]{subsubsection.10.1.1.1}{Energieerhaltung\040aus\040Poisson-Klammer-Perspektive}{subsection.10.1.1}% 113
\BOOKMARK [2][-]{subsection.10.1.2}{Potentielle\040Temperatur\040als\040prognostische\040Variable}{section.10.1}% 114
\BOOKMARK [2][-]{subsection.10.1.3}{Entropiedichte\040als\040prognostische\040Variable}{section.10.1}% 115
\BOOKMARK [1][-]{section.10.2}{Irreversible trockene Atmosphäre}{chapter.10}% 116
\BOOKMARK [1][-]{section.10.3}{Heterogene Atmosphäre}{chapter.10}% 117
\BOOKMARK [1][-]{section.10.4}{Ankopplung\040an\040das\040Strahlungsfeld}{chapter.10}% 118
\BOOKMARK [0][-]{chapter.11}{Konkretisierung der Wärmeflüsse}{part.2}% 119
\BOOKMARK [1][-]{section.11.1}{Wärmeleitung}{chapter.11}% 120
\BOOKMARK [1][-]{section.11.2}{Phasenübergangswärme}{chapter.11}% 121
\BOOKMARK [1][-]{section.11.3}{Wärmeübergang}{chapter.11}% 122
\BOOKMARK [1][-]{section.11.4}{Dissipation}{chapter.11}% 123
\BOOKMARK [1][-]{section.11.5}{Strahlungsübertragungsgleichung}{chapter.11}% 124
\BOOKMARK [1][-]{section.11.6}{Randbedingungen}{chapter.11}% 125
\BOOKMARK [1][-]{section.11.7}{Zusammenstellung\040der\040herrschenden\040Gleichungen}{chapter.11}% 126
\BOOKMARK [-1][-]{part.3}{III\040Dynamik}{}% 127
\BOOKMARK [0][-]{chapter.12}{Generalisierte\040Vertikalkoordinaten}{part.3}% 128
\BOOKMARK [1][-]{section.12.1}{p-System}{chapter.12}% 129
\BOOKMARK [1][-]{section.12.2}{"θ-System}{chapter.12}% 130
\BOOKMARK [1][-]{section.12.3}{"σz-System}{chapter.12}% 131
\BOOKMARK [1][-]{section.12.4}{"σp-System}{chapter.12}% 132
\BOOKMARK [0][-]{chapter.13}{Wichtige\040Approximationen}{part.3}% 133
\BOOKMARK [1][-]{section.13.1}{Allgemeines}{chapter.13}% 134
\BOOKMARK [2][-]{subsection.13.1.1}{Filterung}{section.13.1}% 135
\BOOKMARK [2][-]{subsection.13.1.2}{Dimensionslose\040Kennzahlen}{section.13.1}% 136
\BOOKMARK [1][-]{section.13.2}{Spherical\040geopotential\040approximation}{chapter.13}% 137
\BOOKMARK [1][-]{section.13.3}{Shallow\040atmosphere}{chapter.13}% 138
\BOOKMARK [2][-]{subsection.13.3.1}{Modifizierter\040Coriolis-Parameter}{section.13.3}% 139
\BOOKMARK [1][-]{section.13.4}{Pseudo-inkompressible\040Approximation}{chapter.13}% 140
\BOOKMARK [1][-]{section.13.5}{Anelastische\040Approximation}{chapter.13}% 141
\BOOKMARK [2][-]{subsection.13.5.1}{Horizontale\040Impulsgleichung}{section.13.5}% 142
\BOOKMARK [2][-]{subsection.13.5.2}{Vertikale\040Impulsgleichung}{section.13.5}% 143
\BOOKMARK [2][-]{subsection.13.5.3}{Temperaturgleichung}{section.13.5}% 144
\BOOKMARK [2][-]{subsection.13.5.4}{Kontinuitätsgleichung}{section.13.5}% 145
\BOOKMARK [2][-]{subsection.13.5.5}{Zusammenstellung}{section.13.5}% 146
\BOOKMARK [1][-]{section.13.6}{Boussinesq-Approximation}{chapter.13}% 147
\BOOKMARK [2][-]{subsection.13.6.1}{Impulsgleichung}{section.13.6}% 148
\BOOKMARK [2][-]{subsection.13.6.2}{Temperaturgleichung}{section.13.6}% 149
\BOOKMARK [1][-]{section.13.7}{Hydrostatik}{chapter.13}% 150
\BOOKMARK [2][-]{subsection.13.7.1}{Kontinuitätsgleichung}{section.13.7}% 151
\BOOKMARK [2][-]{subsection.13.7.2}{Horizontale\040Impulsgleichung}{section.13.7}% 152
\BOOKMARK [2][-]{subsection.13.7.3}{Temperaturgleichung}{section.13.7}% 153
\BOOKMARK [2][-]{subsection.13.7.4}{Zusammenfassung}{section.13.7}% 154
\BOOKMARK [2][-]{subsection.13.7.5}{Hydrostatischer\040Hintergrundzustand}{section.13.7}% 155
\BOOKMARK [1][-]{section.13.8}{Barotropie}{chapter.13}% 156
\BOOKMARK [2][-]{subsection.13.8.1}{Flachwassergleichungen}{section.13.8}% 157
\BOOKMARK [3][-]{subsubsection.13.8.1.1}{Linearisierung}{subsection.13.8.1}% 158
\BOOKMARK [1][-]{section.13.9}{Geostrophie}{chapter.13}% 159
\BOOKMARK [1][-]{section.13.10}{Entwicklungen\040des\040Coriolis-Parameters\040in\040ebener\040Geometrie}{chapter.13}% 160
\BOOKMARK [2][-]{subsection.13.10.1}{f-Ebene}{section.13.10}% 161
\BOOKMARK [2][-]{subsection.13.10.2}{"β-Ebene}{section.13.10}% 162
\BOOKMARK [1][-]{section.13.11}{Gradientenwind}{chapter.13}% 163
\BOOKMARK [1][-]{section.13.12}{Reibungswind}{chapter.13}% 164
\BOOKMARK [1][-]{section.13.13}{Euler-Wind}{chapter.13}% 165
\BOOKMARK [1][-]{section.13.14}{Zyklostrophischer\040Wind}{chapter.13}% 166
\BOOKMARK [0][-]{chapter.14}{Integralrelationen einer einphasigen Atmosphäre}{part.3}% 167
\BOOKMARK [1][-]{section.14.1}{Impuls\040und\040Drehimpuls}{chapter.14}% 168
\BOOKMARK [1][-]{section.14.2}{Entropie}{chapter.14}% 169
\BOOKMARK [1][-]{section.14.3}{Energie}{chapter.14}% 170
\BOOKMARK [2][-]{subsection.14.3.1}{Gesamtenergie}{section.14.3}% 171
\BOOKMARK [2][-]{subsection.14.3.2}{Energieformen}{section.14.3}% 172
\BOOKMARK [1][-]{section.14.4}{APE}{chapter.14}% 173
\BOOKMARK [2][-]{subsection.14.4.1}{Energieformen in einer hydrostatischen Atmosphäre}{section.14.4}% 174
\BOOKMARK [2][-]{subsection.14.4.2}{Definition\040und\040Eigenschaften\040der\040APE}{section.14.4}% 175
\BOOKMARK [2][-]{subsection.14.4.3}{Abschätzung}{section.14.4}% 176
\BOOKMARK [0][-]{chapter.15}{Vorticity\040und\040Divergenz}{part.3}% 177
\BOOKMARK [1][-]{section.15.1}{Vorticity}{chapter.15}% 178
\BOOKMARK [2][-]{subsection.15.1.1}{Scherungs- und Krümmungsvorticity}{section.15.1}% 179
\BOOKMARK [2][-]{subsection.15.1.2}{Zirkulationssatz}{section.15.1}% 180
\BOOKMARK [2][-]{subsection.15.1.3}{Vorticitygleichung}{section.15.1}% 181
\BOOKMARK [3][-]{subsubsection.15.1.3.1}{Formulierung\040in\040geographischen\040Koordinaten}{subsection.15.1.3}% 182
\BOOKMARK [3][-]{subsubsection.15.1.3.2}{Interpretation\040der\040Terme}{subsection.15.1.3}% 183
\BOOKMARK [3][-]{subsubsection.15.1.3.3}{Barotrope\040Vorticitygleichung}{subsection.15.1.3}% 184
\BOOKMARK [3][-]{subsubsection.15.1.3.4}{Vorticitygleichung\040im\040p-System}{subsection.15.1.3}% 185
\BOOKMARK [3][-]{subsubsection.15.1.3.5}{Formulierung\040in\040geographischen\040Koordinaten}{subsection.15.1.3}% 186
\BOOKMARK [3][-]{subsubsection.15.1.3.6}{Barotrope\040Vorticitygleichung\040im\040p-System}{subsection.15.1.3}% 187
\BOOKMARK [2][-]{subsection.15.1.4}{Helizität}{section.15.1}% 188
\BOOKMARK [2][-]{subsection.15.1.5}{Enstrophie}{section.15.1}% 189
\BOOKMARK [1][-]{section.15.2}{Divergenz}{chapter.15}% 190
\BOOKMARK [2][-]{subsection.15.2.1}{Geschwindigkeits-\040und\040Richtungsdivergenz}{section.15.2}% 191
\BOOKMARK [2][-]{subsection.15.2.2}{Divergenzgleichung}{section.15.2}% 192
\BOOKMARK [3][-]{subsubsection.15.2.2.1}{Divergenzgleichung\040im\040p-System}{subsection.15.2.2}% 193
\BOOKMARK [3][-]{subsubsection.15.2.2.2}{Balancegleichung}{subsection.15.2.2}% 194
\BOOKMARK [1][-]{section.15.3}{Potentielle\040Vorticity}{chapter.15}% 195
\BOOKMARK [2][-]{subsection.15.3.1}{Ertel'scher\040Wirbelsatz}{section.15.3}% 196
\BOOKMARK [2][-]{subsection.15.3.2}{Definition\040und\040Eigenschaften\040der\040PV}{section.15.3}% 197
\BOOKMARK [2][-]{subsection.15.3.3}{Inkompressible\040potentielle\040Vorticity}{section.15.3}% 198
\BOOKMARK [0][-]{chapter.16}{Wellen und Instabilitäten}{part.3}% 199
\BOOKMARK [1][-]{section.16.1}{Kinematik}{chapter.16}% 200
\BOOKMARK [1][-]{section.16.2}{Kategorisierung\040von\040Wellen\040in\040Geofluiden}{chapter.16}% 201
\BOOKMARK [1][-]{section.16.3}{Begründung der Linearisierung}{chapter.16}% 202
\BOOKMARK [2][-]{subsection.16.3.1}{Beispiel:\040Schallwellen}{section.16.3}% 203
\BOOKMARK [3][-]{subsubsection.16.3.1.1}{Entropie-Form\040des\040Druckgradienten}{subsection.16.3.1}% 204
\BOOKMARK [1][-]{section.16.4}{Kapillarwellen}{chapter.16}% 205
\BOOKMARK [1][-]{section.16.5}{Barotrope\040Wellen}{chapter.16}% 206
\BOOKMARK [2][-]{subsection.16.5.1}{Inertialwellen}{section.16.5}% 207
\BOOKMARK [2][-]{subsection.16.5.2}{Wasseroberflächenwellen}{section.16.5}% 208
\BOOKMARK [3][-]{subsubsection.16.5.2.1}{Stokes-Drift}{subsection.16.5.2}% 209
\BOOKMARK [2][-]{subsection.16.5.3}{Poincaré-Wellen}{section.16.5}% 210
\BOOKMARK [2][-]{subsection.16.5.4}{Kelvin-Wellen}{section.16.5}% 211
\BOOKMARK [3][-]{subsubsection.16.5.4.1}{Äquatoriale Kelvin-Wellen}{subsection.16.5.4}% 212
\BOOKMARK [2][-]{subsection.16.5.5}{Rossby-Haurwitz-Moden}{section.16.5}% 213
\BOOKMARK [2][-]{subsection.16.5.6}{Barotrope\040Rossby-Wellen}{section.16.5}% 214
\BOOKMARK [3][-]{subsubsection.16.5.6.1}{Anschauliches Verständnis}{subsection.16.5.6}% 215
\BOOKMARK [2][-]{subsection.16.5.7}{Ozeanische\040Tide}{section.16.5}% 216
\BOOKMARK [3][-]{subsubsection.16.5.7.1}{Anschauliches Verständnis}{subsection.16.5.7}% 217
\BOOKMARK [1][-]{section.16.6}{Barokline\040Wellen}{chapter.16}% 218
\BOOKMARK [2][-]{subsection.16.6.1}{Vertikale\040Moden}{section.16.6}% 219
\BOOKMARK [2][-]{subsection.16.6.2}{Schwerewellen}{section.16.6}% 220
\BOOKMARK [3][-]{subsubsection.16.6.2.1}{Grenzfälle}{subsection.16.6.2}% 221
\BOOKMARK [3][-]{subsubsection.16.6.2.2}{Hydrostatische\040Schwerewellen}{subsection.16.6.2}% 222
\BOOKMARK [3][-]{subsubsection.16.6.2.3}{Gruppengeschwindigkeit}{subsection.16.6.2}% 223
\BOOKMARK [3][-]{subsubsection.16.6.2.4}{Amplitudenverhalten}{subsection.16.6.2}% 224
\BOOKMARK [3][-]{subsubsection.16.6.2.5}{Leewellen}{subsection.16.6.2}% 225
\BOOKMARK [2][-]{subsection.16.6.3}{Rossby-Wellen}{section.16.6}% 226
\BOOKMARK [2][-]{subsection.16.6.4}{Eigenschwingungen einer hydrostatischen Atmosphäre}{section.16.6}% 227
\BOOKMARK [3][-]{subsubsection.16.6.4.1}{Atmosphärische Tide}{subsection.16.6.4}% 228
\BOOKMARK [2][-]{subsection.16.6.5}{Eigenschwingungen einer flachen Atmosphäre}{section.16.6}% 229
\BOOKMARK [2][-]{subsection.16.6.6}{Eigenschwingungen einer tiefen Atmosphäre}{section.16.6}% 230
\BOOKMARK [2][-]{subsection.16.6.7}{Eigenschwingungen einer ellipsoidischen Atmosphäre}{section.16.6}% 231
\BOOKMARK [1][-]{section.16.7}{Instabilitäten}{chapter.16}% 232
\BOOKMARK [2][-]{subsection.16.7.1}{Schichtungsinstabilität}{section.16.7}% 233
\BOOKMARK [3][-]{subsubsection.16.7.1.1}{Aquivalentpotentielle\040Temperatur}{subsection.16.7.1}% 234
\BOOKMARK [3][-]{subsubsection.16.7.1.2}{Reversibeläquivalentpotentielle Temperatur}{subsection.16.7.1}% 235
\BOOKMARK [3][-]{subsubsection.16.7.1.3}{CAPE}{subsection.16.7.1}% 236
\BOOKMARK [2][-]{subsection.16.7.2}{Kelvin-Helmholtz-Instabilität}{section.16.7}% 237
\BOOKMARK [3][-]{subsubsection.16.7.2.1}{In\040diskreter\040Schichtung}{subsection.16.7.2}% 238
\BOOKMARK [3][-]{subsubsection.16.7.2.2}{In\040kontinuierlicher\040Schichtung}{subsection.16.7.2}% 239
\BOOKMARK [2][-]{subsection.16.7.3}{Barotrope Instabilität}{section.16.7}% 240
\BOOKMARK [2][-]{subsection.16.7.4}{Barokline Instabilität}{section.16.7}% 241
\BOOKMARK [0][-]{chapter.17}{Turbulenz}{part.3}% 242
\BOOKMARK [1][-]{section.17.1}{Grundlagen}{chapter.17}% 243
\BOOKMARK [2][-]{subsection.17.1.1}{Turbulente\040Dissipation}{section.17.1}% 244
\BOOKMARK [2][-]{subsection.17.1.2}{Konkrete\040Mittelungsoperatoren}{section.17.1}% 245
\BOOKMARK [3][-]{subsubsection.17.1.2.1}{Gleitendes\040Zeitmittel}{subsection.17.1.2}% 246
\BOOKMARK [3][-]{subsubsection.17.1.2.2}{Hesselberg-Mittel}{subsection.17.1.2}% 247
\BOOKMARK [3][-]{subsubsection.17.1.2.3}{Tiefpass}{subsection.17.1.2}% 248
\BOOKMARK [1][-]{section.17.2}{Mischungswegansatz}{chapter.17}% 249
\BOOKMARK [2][-]{subsection.17.2.1}{Planetarische\040Grenzschicht}{section.17.2}% 250
\BOOKMARK [1][-]{section.17.3}{Ekman-Transport}{chapter.17}% 251
\BOOKMARK [2][-]{subsection.17.3.1}{Die Bedeutung der Eddy-Viskosität}{section.17.3}% 252
\BOOKMARK [2][-]{subsection.17.3.2}{Spin-down}{section.17.3}% 253
\BOOKMARK [1][-]{section.17.4}{Isotrope\040Turbulenz}{chapter.17}% 254
\BOOKMARK [2][-]{subsection.17.4.1}{Spektralform\040der\040Navier-Stokes-Gleichungen}{section.17.4}% 255
\BOOKMARK [2][-]{subsection.17.4.2}{Energie-Transfer-Funktion}{section.17.4}% 256
\BOOKMARK [3][-]{subsubsection.17.4.2.1}{Isotrope\040Form}{subsection.17.4.2}% 257
\BOOKMARK [2][-]{subsection.17.4.3}{Heisenberg-Ansatz}{section.17.4}% 258
\BOOKMARK [2][-]{subsection.17.4.4}{Integrationen}{section.17.4}% 259
\BOOKMARK [2][-]{subsection.17.4.5}{Ergebnisse}{section.17.4}% 260
\BOOKMARK [1][-]{section.17.5}{Geostrophische\040Turbulenz}{chapter.17}% 261
\BOOKMARK [1][-]{section.17.6}{Energiekaskade}{chapter.17}% 262
\BOOKMARK [1][-]{section.17.7}{Parametrisierungen}{chapter.17}% 263
\BOOKMARK [2][-]{subsection.17.7.1}{Beispiel:\040skalare\040Advektion}{section.17.7}% 264
\BOOKMARK [2][-]{subsection.17.7.2}{Beispiel:\040Impulsadvektion}{section.17.7}% 265
\BOOKMARK [2][-]{subsection.17.7.3}{Beispiel: Phasenübergänge}{section.17.7}% 266
\BOOKMARK [-1][-]{part.4}{IV\040Anwendungen\040der\040Dynamik}{}% 267
\BOOKMARK [0][-]{chapter.18}{Klimatologie der Atmosphäre}{part.4}% 268
\BOOKMARK [1][-]{section.18.1}{Zonal\040gemittelte\040Gleichungen}{chapter.18}% 269
\BOOKMARK [2][-]{subsection.18.1.1}{Lineare\040Flachwassergleichungen}{section.18.1}% 270
\BOOKMARK [2][-]{subsection.18.1.2}{Nichtlineare\040Flachwassergleichungen}{section.18.1}% 271
\BOOKMARK [2][-]{subsection.18.1.3}{Boussinesq-Gleichungen}{section.18.1}% 272
\BOOKMARK [1][-]{section.18.2}{Frontalzonen\040und\040Jets}{chapter.18}% 273
\BOOKMARK [1][-]{section.18.3}{Konvektiv-radiatives\040Gleichgewicht}{chapter.18}% 274
\BOOKMARK [0][-]{chapter.19}{Extratropische\040Dynamik}{part.4}% 275
\BOOKMARK [1][-]{section.19.1}{Quasigeostrophie}{chapter.19}% 276
\BOOKMARK [2][-]{subsection.19.1.1}{Tendenzgleichung}{section.19.1}% 277
\BOOKMARK [2][-]{subsection.19.1.2}{"ω-Gleichung}{section.19.1}% 278
\BOOKMARK [1][-]{section.19.2}{Semigeostrophie}{chapter.19}% 279
\BOOKMARK [1][-]{section.19.3}{PV-Denken}{chapter.19}% 280
\BOOKMARK [0][-]{chapter.20}{Tropische\040Dynamik}{part.4}% 281
\BOOKMARK [1][-]{section.20.1}{Skalenanalyse}{chapter.20}% 282
\BOOKMARK [1][-]{section.20.2}{Zyklogenese}{chapter.20}% 283
\BOOKMARK [0][-]{chapter.21}{Ozeanzirkulation}{part.4}% 284
\BOOKMARK [1][-]{section.21.1}{Windgetriebene\040Zirkulation}{chapter.21}% 285
\BOOKMARK [1][-]{section.21.2}{Thermohaline\040Zirkulation}{chapter.21}% 286
\BOOKMARK [1][-]{section.21.3}{Seegangsvorhersage}{chapter.21}% 287
\BOOKMARK [2][-]{subsection.21.3.1}{Prognostische\040Variablen}{section.21.3}% 288
\BOOKMARK [2][-]{subsection.21.3.2}{Wave\040action\040equation}{section.21.3}% 289
\BOOKMARK [2][-]{subsection.21.3.3}{Diagnostische\040Variablen}{section.21.3}% 290
\BOOKMARK [2][-]{subsection.21.3.4}{Seegangsvorhersagemodelle}{section.21.3}% 291
\BOOKMARK [-1][-]{part.5}{V\040Strahlung\040und\040Wolkenmikrophysik}{}% 292
\BOOKMARK [0][-]{chapter.22}{Strahlungstransport}{part.5}% 293
\BOOKMARK [1][-]{section.22.1}{Einfache\040Modelle}{chapter.22}% 294
\BOOKMARK [2][-]{subsection.22.1.1}{Planet ohne Atmosphäre}{section.22.1}% 295
\BOOKMARK [2][-]{subsection.22.1.2}{Ein-Schicht-Atmosphäre}{section.22.1}% 296
\BOOKMARK [1][-]{section.22.2}{Rückkopplungen}{chapter.22}% 297
\BOOKMARK [2][-]{subsection.22.2.1}{Temperatur-Strahlungs-Rückkopplung}{section.22.2}% 298
\BOOKMARK [2][-]{subsection.22.2.2}{Temperatur-Eis-Albedo-Rückkopplung}{section.22.2}% 299
\BOOKMARK [1][-]{section.22.3}{Berechnung\040der\040Streu-\040und\040Absorptionskoeffizienten}{chapter.22}% 300
\BOOKMARK [1][-]{section.22.4}{Approximationen}{chapter.22}% 301
\BOOKMARK [2][-]{subsection.22.4.1}{Plan-parallele Atmosphäre}{section.22.4}% 302
\BOOKMARK [2][-]{subsection.22.4.2}{Horizontale\040Entkopplung}{section.22.4}% 303
\BOOKMARK [1][-]{section.22.5}{Atmosphärische Optik}{chapter.22}% 304
\BOOKMARK [0][-]{chapter.23}{Wolkenmikrophysik}{part.5}% 305
\BOOKMARK [1][-]{section.23.1}{Köhler-Gleichung}{chapter.23}% 306
\BOOKMARK [1][-]{section.23.2}{Zirkulation\040um\040Kondensate}{chapter.23}% 307
\BOOKMARK [2][-]{subsection.23.2.1}{Laminare Umströmung}{section.23.2}% 308
\BOOKMARK [2][-]{subsection.23.2.2}{Turbulente Umströmung}{section.23.2}% 309
\BOOKMARK [3][-]{subsubsection.23.2.2.1}{Zusammengesetzte Formel für die Sinkgeschwindigkeit}{subsection.23.2.2}% 310
\BOOKMARK [1][-]{section.23.3}{Wachstum\040von\040Kondensaten}{chapter.23}% 311
\BOOKMARK [2][-]{subsection.23.3.1}{Koagulation}{section.23.3}% 312
\BOOKMARK [3][-]{subsubsection.23.3.1.1}{Bergeron-Findeisen-Prozess}{subsection.23.3.1}% 313
\BOOKMARK [2][-]{subsection.23.3.2}{Koaleszenz}{section.23.3}% 314
\BOOKMARK [1][-]{section.23.4}{Zerbrechen\040von\040Wassertropfen}{chapter.23}% 315
\BOOKMARK [2][-]{subsection.23.4.1}{Innere\040Zirkulation}{section.23.4}% 316
\BOOKMARK [2][-]{subsection.23.4.2}{Oszillationen}{section.23.4}% 317
\BOOKMARK [2][-]{subsection.23.4.3}{Instabilitäten}{section.23.4}% 318
\BOOKMARK [-1][-]{part.6}{VI\040Numerik}{}% 319
\BOOKMARK [0][-]{chapter.24}{Grundkonzepte\040der\040Numerik}{part.6}% 320
\BOOKMARK [1][-]{section.24.1}{Grundbegriffe\040von\040Diskretisierungen}{chapter.24}% 321
\BOOKMARK [1][-]{section.24.2}{Finite\040Differenzen}{chapter.24}% 322
\BOOKMARK [1][-]{section.24.3}{Ebene\040Spektralmethode}{chapter.24}% 323
\BOOKMARK [1][-]{section.24.4}{Sphärische Spektralmethode}{chapter.24}% 324
\BOOKMARK [0][-]{chapter.25}{Zeitschrittverfahren}{part.6}% 325
\BOOKMARK [1][-]{section.25.1}{Rein\040explizite\040Verfahren}{chapter.25}% 326
\BOOKMARK [2][-]{subsection.25.1.1}{Explizites\040Euler-Verfahren}{section.25.1}% 327
\BOOKMARK [2][-]{subsection.25.1.2}{Leapfrog-Verfahren}{section.25.1}% 328
\BOOKMARK [2][-]{subsection.25.1.3}{Allgemeine\040Multischritt-Verfahren}{section.25.1}% 329
\BOOKMARK [2][-]{subsection.25.1.4}{Runge-Kutta-Verfahren}{section.25.1}% 330
\BOOKMARK [3][-]{subsubsection.25.1.4.1}{Linearer\040Fall}{subsection.25.1.4}% 331
\BOOKMARK [3][-]{subsubsection.25.1.4.2}{Nichtinearer\040Fall}{subsection.25.1.4}% 332
\BOOKMARK [1][-]{section.25.2}{CFL-Kriterium}{chapter.25}% 333
\BOOKMARK [1][-]{section.25.3}{Verfahren\040mit\040impliziten\040Anteilen}{chapter.25}% 334
\BOOKMARK [2][-]{subsection.25.3.1}{Implizites\040Euler-Verfahren}{section.25.3}% 335
\BOOKMARK [2][-]{subsection.25.3.2}{Crank-Nicolson-Verfahren}{section.25.3}% 336
\BOOKMARK [1][-]{section.25.4}{Mischung\040von\040Zeitschrittverfahren}{chapter.25}% 337
\BOOKMARK [1][-]{section.25.5}{Aspekte\040partieller\040Differenzialgleichungen}{chapter.25}% 338
\BOOKMARK [2][-]{subsection.25.5.1}{Forward-backward-Verfahren}{section.25.5}% 339
\BOOKMARK [1][-]{section.25.6}{Energetische\040Konsistenz\040im\040idealen\040Gas}{chapter.25}% 340
\BOOKMARK [2][-]{subsection.25.6.1}{Advektion\040von\040Impuls}{section.25.6}% 341
\BOOKMARK [3][-]{subsubsection.25.6.1.1}{Advektion\040kinetischer\040Energie}{subsection.25.6.1}% 342
\BOOKMARK [3][-]{subsubsection.25.6.1.2}{Generalisierte\040Coriolis-Terme}{subsection.25.6.1}% 343
\BOOKMARK [2][-]{subsection.25.6.2}{Evolution\040der\040Temperatur}{section.25.6}% 344
\BOOKMARK [3][-]{subsubsection.25.6.2.1}{Zeitentwicklung\040der\040inneren\040Energie}{subsection.25.6.2}% 345
\BOOKMARK [3][-]{subsubsection.25.6.2.2}{Energetisch\040konsistente\040Zeitentwicklung\040der\040Temperatur}{subsection.25.6.2}% 346
\BOOKMARK [0][-]{chapter.26}{Auswahl einer zukunftsfähigen horizontalen Diskretisierung}{part.6}% 347
\BOOKMARK [1][-]{section.26.1}{Aus dem CFL-Kriterium folgende Beschränkungen}{chapter.26}% 348
\BOOKMARK [2][-]{subsection.26.1.1}{Platonische Körper}{section.26.1}% 349
\BOOKMARK [2][-]{subsection.26.1.2}{Grid\040imprinting}{section.26.1}% 350
\BOOKMARK [1][-]{section.26.2}{Aus Rotationssymmetrie folgende Beschränkungen}{chapter.26}% 351
\BOOKMARK [1][-]{section.26.3}{Ausschluss\040spektraler\040Formulierungen}{chapter.26}% 352
\BOOKMARK [1][-]{section.26.4}{Arakawa-Gitter}{chapter.26}% 353
\BOOKMARK [2][-]{subsection.26.4.1}{A-Gitter}{section.26.4}% 354
\BOOKMARK [2][-]{subsection.26.4.2}{C-Gitter}{section.26.4}% 355
\BOOKMARK [1][-]{section.26.5}{Skalare\040Erhaltungseigenschaften\040auf\040dem\040C-Gitter}{chapter.26}% 356
\BOOKMARK [1][-]{section.26.6}{Gradientenfelder\040auf\040dem\040C-Gitter}{chapter.26}% 357
\BOOKMARK [1][-]{section.26.7}{Skalarprodukt\040auf\040dem\040C-Gitter}{chapter.26}% 358
\BOOKMARK [2][-]{subsection.26.7.1}{Eindimensionaler\040Fall}{section.26.7}% 359
\BOOKMARK [2][-]{subsection.26.7.2}{Dreidimensionaler\040rechteckiger\040Fall}{section.26.7}% 360
\BOOKMARK [2][-]{subsection.26.7.3}{Zweidimensionales\040orthogonales\040Gitter}{section.26.7}% 361
\BOOKMARK [2][-]{subsection.26.7.4}{Dreidimensionales\040orthogonales\040Gitter\040\(shallow\)}{section.26.7}% 362
\BOOKMARK [2][-]{subsection.26.7.5}{Dreidimensionales\040orthogonales\040Gitter\040\(deep\)}{section.26.7}% 363
\BOOKMARK [1][-]{section.26.8}{Festlegung\040auf\040das\040C-Gitter}{chapter.26}% 364
\BOOKMARK [2][-]{subsection.26.8.1}{Folgerungen}{section.26.8}% 365
\BOOKMARK [1][-]{section.26.9}{Das Problem des Verhältnisses der Freiheitsgrade}{chapter.26}% 366
\BOOKMARK [2][-]{subsection.26.9.1}{Folgerungen}{section.26.9}% 367
\BOOKMARK [1][-]{section.26.10}{Ausschluss\040viereckiger\040Gitter}{chapter.26}% 368
\BOOKMARK [1][-]{section.26.11}{Festlegung\040auf\040das\040sechseckige\040Ikosaedergitter}{chapter.26}% 369
\BOOKMARK [0][-]{chapter.27}{Probleme\040eines\040dreielementigen\040Erzeugendensystems\040einer\040zweidimensionalen\040Menge}{part.6}% 370
\BOOKMARK [1][-]{section.27.1}{Differenzialoperatoren}{chapter.27}% 371
\BOOKMARK [1][-]{section.27.2}{Hauptsatz\040der\040Vektoranalysis}{chapter.27}% 372
\BOOKMARK [1][-]{section.27.3}{Dispersionsrelation}{chapter.27}% 373
\BOOKMARK [1][-]{section.27.4}{Thuburn-Mittelung}{chapter.27}% 374
\BOOKMARK [2][-]{subsection.27.4.1}{Anforderungen}{section.27.4}% 375
\BOOKMARK [2][-]{subsection.27.4.2}{Folgerungen für die Helmholtz-Aufteilung}{section.27.4}% 376
\BOOKMARK [2][-]{subsection.27.4.3}{Herleitung\040des\040Mittelungsoperators}{section.27.4}% 377
\BOOKMARK [2][-]{subsection.27.4.4}{Folgerungen für die Dispersionsrelation}{section.27.4}% 378
\BOOKMARK [1][-]{section.27.5}{Checkerboard-Pattern}{chapter.27}% 379
\BOOKMARK [2][-]{subsection.27.5.1}{Gründe}{section.27.5}% 380
\BOOKMARK [2][-]{subsection.27.5.2}{Eliminierung}{section.27.5}% 381
\BOOKMARK [1][-]{section.27.6}{Folgerungen}{chapter.27}% 382
\BOOKMARK [2][-]{subsection.27.6.1}{Formulierung\040der\040Rotation}{section.27.6}% 383
\BOOKMARK [2][-]{subsection.27.6.2}{Eine weitere Perspektive auf die Überlegenheit des sechseckigen Gitters gegenüber dem dreieckigen}{section.27.6}% 384
\BOOKMARK [0][-]{chapter.28}{Vorticityfluss\040auf\040dem\040hexagonalen\040C-Gitter}{part.6}% 385
\BOOKMARK [1][-]{section.28.1}{Reguläres Gitter}{chapter.28}% 386
\BOOKMARK [2][-]{subsection.28.1.1}{Linearisierung}{section.28.1}% 387
\BOOKMARK [2][-]{subsection.28.1.2}{Vollständiger Term}{section.28.1}% 388
\BOOKMARK [1][-]{section.28.2}{Deformiertes\040Gitter}{chapter.28}% 389
\BOOKMARK [2][-]{subsection.28.2.1}{Coriolisbeschleunigung}{section.28.2}% 390
\BOOKMARK [3][-]{subsubsection.28.2.1.1}{Homogener\040Coriolisparameter}{subsection.28.2.1}% 391
\BOOKMARK [3][-]{subsubsection.28.2.1.2}{Inhomogener\040Coriolisparameter}{subsection.28.2.1}% 392
\BOOKMARK [2][-]{subsection.28.2.2}{Verwendung der vollständigen Vorticity}{section.28.2}% 393
\BOOKMARK [3][-]{subsubsection.28.2.2.1}{Modifikation\040zur\040Einhaltung\040der\040Thuburn-Bedingung}{subsection.28.2.2}% 394
\BOOKMARK [1][-]{section.28.3}{Barokline\040Aspekte}{chapter.28}% 395
\BOOKMARK [0][-]{chapter.29}{Impulsdiffusion\040und\040Dissipation\040auf\040dem\040hexagonalen\040C-Gitter}{part.6}% 396
\BOOKMARK [1][-]{section.29.1}{Reguläres Gitter}{chapter.29}% 397
\BOOKMARK [1][-]{section.29.2}{Deformiertes\040Gitter}{chapter.29}% 398
\BOOKMARK [2][-]{subsection.29.2.1}{Dissipation}{section.29.2}% 399
\BOOKMARK [1][-]{section.29.3}{Dreidimensionale\040Erweiterung}{chapter.29}% 400
\BOOKMARK [2][-]{subsection.29.3.1}{Dissipation}{section.29.3}% 401
\BOOKMARK [0][-]{chapter.30}{Multi-Moment-finite-Volumen-Verfahren}{part.6}% 402
\BOOKMARK [0][-]{chapter.31}{Strahlungstransportalgorithmen}{part.6}% 403
\BOOKMARK [0][-]{chapter.32}{Datenassimilation}{part.6}% 404
\BOOKMARK [1][-]{section.32.1}{3D-Var}{chapter.32}% 405
\BOOKMARK [2][-]{subsection.32.1.1}{Eine\040Beobachtung}{section.32.1}% 406
\BOOKMARK [2][-]{subsection.32.1.2}{Beliebige\040Anzahl\040von\040Beobachtungen}{section.32.1}% 407
\BOOKMARK [2][-]{subsection.32.1.3}{Berücksichtigung von Hydrostatik}{section.32.1}% 408
\BOOKMARK [3][-]{subsubsection.32.1.3.1}{Als exakte Einschränkung}{subsection.32.1.3}% 409
\BOOKMARK [3][-]{subsubsection.32.1.3.2}{Als\040Teil\040der\040Kostenfunktion}{subsection.32.1.3}% 410
\BOOKMARK [2][-]{subsection.32.1.4}{Berücksichtigung der Balancegleichung}{section.32.1}% 411
\BOOKMARK [1][-]{section.32.2}{4D-Var}{chapter.32}% 412
\BOOKMARK [-1][-]{part.7}{VII\040Entwicklung\040eines\040dynamischen\040Kerns}{}% 413
\BOOKMARK [0][-]{chapter.33}{Kinematik}{part.7}% 414
\BOOKMARK [1][-]{section.33.1}{Horizontales\040Gitter}{chapter.33}% 415
\BOOKMARK [2][-]{subsection.33.1.1}{Konstanten\040des\040hexagonalen\040Gitters}{section.33.1}% 416
\BOOKMARK [2][-]{subsection.33.1.2}{Gittergenerierung\040auf\040der\040Einheitskugel}{section.33.1}% 417
\BOOKMARK [2][-]{subsection.33.1.3}{Gitteroptimierung}{section.33.1}% 418
\BOOKMARK [1][-]{section.33.2}{Vertikales\040Gitter}{chapter.33}% 419
\BOOKMARK [2][-]{subsection.33.2.1}{Funktionaldeterminante\040einer\040generalisierten\040Vertikalkoordinate}{section.33.2}% 420
\BOOKMARK [2][-]{subsection.33.2.2}{SLEVE}{section.33.2}% 421
\BOOKMARK [2][-]{subsection.33.2.3}{Alternative zu geländefolgenden Koordinaten}{section.33.2}% 422
\BOOKMARK [1][-]{section.33.3}{Felder}{chapter.33}% 423
\BOOKMARK [2][-]{subsection.33.3.1}{Nomenklatur}{section.33.3}% 424
\BOOKMARK [2][-]{subsection.33.3.2}{Ausgezeichnete\040Punkte}{section.33.3}% 425
\BOOKMARK [2][-]{subsection.33.3.3}{Arten\040von\040Feldern}{section.33.3}% 426
\BOOKMARK [2][-]{subsection.33.3.4}{Slope}{section.33.3}% 427
\BOOKMARK [1][-]{section.33.4}{Mittelungsoperatoren}{chapter.33}% 428
\BOOKMARK [2][-]{subsection.33.4.1}{Rekonstruktion der horizontalen kovarianten Maßzahl}{section.33.4}% 429
\BOOKMARK [3][-]{subsubsection.33.4.1.1}{Shallow\040atmosphere}{subsection.33.4.1}% 430
\BOOKMARK [3][-]{subsubsection.33.4.1.2}{Deep\040atmosphere}{subsection.33.4.1}% 431
\BOOKMARK [2][-]{subsection.33.4.2}{Skalarprodukt auf dem C-Gitter in geländefolgenden Koordinaten}{section.33.4}% 432
\BOOKMARK [3][-]{subsubsection.33.4.2.1}{Shallow\040atmosphere}{subsection.33.4.2}% 433
\BOOKMARK [3][-]{subsubsection.33.4.2.2}{Deep\040atmosphere}{subsection.33.4.2}% 434
\BOOKMARK [2][-]{subsection.33.4.3}{Rekonstruktion der vertikalen kontravarianten Maßzahl}{section.33.4}% 435
\BOOKMARK [3][-]{subsubsection.33.4.3.1}{Shallow\040atmosphere}{subsection.33.4.3}% 436
\BOOKMARK [3][-]{subsubsection.33.4.3.2}{Deep\040atmosphere}{subsection.33.4.3}% 437
\BOOKMARK [2][-]{subsection.33.4.4}{Divergenz in geländefolgenden Koordinaten}{section.33.4}% 438
\BOOKMARK [3][-]{subsubsection.33.4.4.1}{Shallow\040atmosphere}{subsection.33.4.4}% 439
\BOOKMARK [3][-]{subsubsection.33.4.4.2}{Deep\040atmosphere}{subsection.33.4.4}% 440
\BOOKMARK [1][-]{section.33.5}{Ellipsoidische\040Modifikation\040des\040Gitters}{chapter.33}% 441
\BOOKMARK [0][-]{chapter.34}{Reversible\040Dynamik}{part.7}% 442
\BOOKMARK [1][-]{section.34.1}{Prognostische\040Variablen\040und\040Gleichungen}{chapter.34}% 443
\BOOKMARK [1][-]{section.34.2}{Diskretisierung\040der\040Poisson-Klammern}{chapter.34}% 444
\BOOKMARK [2][-]{subsection.34.2.1}{Diskretisierung\040von\040Funktionalableitungen}{section.34.2}% 445
\BOOKMARK [3][-]{subsubsection.34.2.1.1}{Shallow\040atmosphere}{subsection.34.2.1}% 446
\BOOKMARK [3][-]{subsubsection.34.2.1.2}{Deep\040atmosphere}{subsection.34.2.1}% 447
\BOOKMARK [2][-]{subsection.34.2.2}{Gradient auf dem C-Gitter in geländefolgenden Koordinaten}{section.34.2}% 448
\BOOKMARK [3][-]{subsubsection.34.2.2.1}{Shallow\040atmosphere}{subsection.34.2.2}% 449
\BOOKMARK [3][-]{subsubsection.34.2.2.2}{Deep\040atmosphere}{subsection.34.2.2}% 450
\BOOKMARK [2][-]{subsection.34.2.3}{Überprüfung der Energieerhaltung}{section.34.2}% 451
\BOOKMARK [1][-]{section.34.3}{Randbedingungen}{chapter.34}% 452
\BOOKMARK [2][-]{subsection.34.3.1}{Obere\040Randbedingung}{section.34.3}% 453
\BOOKMARK [2][-]{subsection.34.3.2}{Untere\040Randbedingung}{section.34.3}% 454
\BOOKMARK [1][-]{section.34.4}{Möglichkeiten zur Erhöhung der Ordnung}{chapter.34}% 455
\BOOKMARK [1][-]{section.34.5}{Zeitschrittverfahren:\040Variante\040I}{chapter.34}% 456
\BOOKMARK [2][-]{subsection.34.5.1}{Festlegung\040auf\040ein\040Runge-Kutta-Verfahren}{section.34.5}% 457
\BOOKMARK [2][-]{subsection.34.5.2}{Split-explicit-Techniken}{section.34.5}% 458
\BOOKMARK [2][-]{subsection.34.5.3}{Modifikationen\040zur\040Stabilisierung}{section.34.5}% 459
\BOOKMARK [3][-]{subsubsection.34.5.3.1}{Vertikale\040Advektion\040des\040Horizontalwindes}{subsection.34.5.3}% 460
\BOOKMARK [3][-]{subsubsection.34.5.3.2}{Vertikaler\040Sound\040wave\040solver}{subsection.34.5.3}% 461
\BOOKMARK [3][-]{subsubsection.34.5.3.3}{Vertikale\040Advektion\040einer\040generalisierten\040Dichte}{subsection.34.5.3}% 462
\BOOKMARK [3][-]{subsubsection.34.5.3.4}{Horizontales\040Forward-backward-Verfahren}{subsection.34.5.3}% 463
\BOOKMARK [3][-]{subsubsection.34.5.3.5}{Konstanthalten\040des\040horizontalen\040Druckgradienten}{subsection.34.5.3}% 464
\BOOKMARK [2][-]{subsection.34.5.4}{Zusammenfassung}{section.34.5}% 465
\BOOKMARK [1][-]{section.34.6}{Zeitschrittverfahren:\040Variante\040II}{chapter.34}% 466
\BOOKMARK [1][-]{section.34.7}{Regionaler\040Modus}{chapter.34}% 467
\BOOKMARK [0][-]{chapter.35}{Irreversible\040Dynamik}{part.7}% 468
\BOOKMARK [1][-]{section.35.1}{Horizontale\040Diffusion}{chapter.35}% 469
\BOOKMARK [2][-]{subsection.35.1.1}{Massendiffuson}{section.35.1}% 470
\BOOKMARK [2][-]{subsection.35.1.2}{Temperaturdiffuson}{section.35.1}% 471
\BOOKMARK [2][-]{subsection.35.1.3}{Impulsdiffusion}{section.35.1}% 472
\BOOKMARK [3][-]{subsubsection.35.1.3.1}{Dissipation}{subsection.35.1.3}% 473
\BOOKMARK [1][-]{section.35.2}{Vertikale\040Diffusion}{chapter.35}% 474
\BOOKMARK [2][-]{subsection.35.2.1}{Massendiffuson}{section.35.2}% 475
\BOOKMARK [2][-]{subsection.35.2.2}{Temperaturdiffuson}{section.35.2}% 476
\BOOKMARK [2][-]{subsection.35.2.3}{Impulsdiffusion}{section.35.2}% 477
\BOOKMARK [2][-]{subsection.35.2.4}{Obere\040Randbedingung}{section.35.2}% 478
\BOOKMARK [1][-]{section.35.3}{Parametrisierungen}{chapter.35}% 479
\BOOKMARK [2][-]{subsection.35.3.1}{Masse}{section.35.3}% 480
\BOOKMARK [2][-]{subsection.35.3.2}{Temperatur}{section.35.3}% 481
\BOOKMARK [2][-]{subsection.35.3.3}{Impuls}{section.35.3}% 482
\BOOKMARK [0][-]{chapter.36}{Weiterführende Aspekte}{part.7}% 483
\BOOKMARK [1][-]{section.36.1}{Framework für die Berücksichtigung von Tracern}{chapter.36}% 484
\BOOKMARK [2][-]{subsection.36.1.1}{Limiter}{section.36.1}% 485
\BOOKMARK [2][-]{subsection.36.1.2}{Parametrisierungen}{section.36.1}% 486
\BOOKMARK [1][-]{section.36.2}{Ankopplung\040an\040ein\040Strahlungstransportmodell}{chapter.36}% 487
\BOOKMARK [1][-]{section.36.3}{Verbleibende\040Approximationen}{chapter.36}% 488
\BOOKMARK [1][-]{section.36.4}{Model\040output\040statistics\040\(MOS\)}{chapter.36}% 489
\BOOKMARK [2][-]{subsection.36.4.1}{Beispiel}{section.36.4}% 490
\BOOKMARK [2][-]{subsection.36.4.2}{Verallgemeinerungen}{section.36.4}% 491
\BOOKMARK [-1][-]{part.8}{VIII\040Anhang}{}% 492
\BOOKMARK [0][-]{appendix.A}{Grundlagen}{part.8}% 493
\BOOKMARK [1][-]{section.A.1}{cgs-System}{appendix.A}% 494
\BOOKMARK [1][-]{section.A.2}{Quadratische Ergänzung}{appendix.A}% 495
\BOOKMARK [1][-]{section.A.3}{Summen\040und\040Reihen}{appendix.A}% 496
\BOOKMARK [1][-]{section.A.4}{Kombinatorik}{appendix.A}% 497
\BOOKMARK [1][-]{section.A.5}{Determinanten}{appendix.A}% 498
\BOOKMARK [1][-]{section.A.6}{Grundfunktionen}{appendix.A}% 499
\BOOKMARK [1][-]{section.A.7}{Deltadistribution}{appendix.A}% 500
\BOOKMARK [1][-]{section.A.8}{Integralformeln}{appendix.A}% 501
\BOOKMARK [2][-]{subsection.A.8.1}{Partielle\040Integration}{section.A.8}% 502
\BOOKMARK [2][-]{subsection.A.8.2}{Substitutionsregel}{section.A.8}% 503
\BOOKMARK [2][-]{subsection.A.8.3}{Trennung\040der\040Variablen}{section.A.8}% 504
\BOOKMARK [2][-]{subsection.A.8.4}{Leibniz-Regel}{section.A.8}% 505
\BOOKMARK [2][-]{subsection.A.8.5}{Weitere\040Formeln}{section.A.8}% 506
\BOOKMARK [2][-]{subsection.A.8.6}{Funktionalableitungen}{section.A.8}% 507
\BOOKMARK [2][-]{subsection.A.8.7}{Residuensatz}{section.A.8}% 508
\BOOKMARK [1][-]{section.A.9}{Vektorräume}{appendix.A}% 509
\BOOKMARK [2][-]{subsection.A.9.1}{Vektorprodukt}{section.A.9}% 510
\BOOKMARK [0][-]{appendix.B}{Vektoranalysis}{part.8}% 511
\BOOKMARK [1][-]{section.B.1}{Mehrdimensionale\040Ableitungen}{appendix.B}% 512
\BOOKMARK [2][-]{subsection.B.1.1}{Krümmungradius}{section.B.1}% 513
\BOOKMARK [2][-]{subsection.B.1.2}{Rechenregeln für Differenzialoperatoren}{section.B.1}% 514
\BOOKMARK [1][-]{section.B.2}{Differenzialoperatoren\040unter\040Koordinatentransformationen}{appendix.B}% 515
\BOOKMARK [2][-]{subsection.B.2.1}{Kugelkoordinaten}{section.B.2}% 516
\BOOKMARK [3][-]{subsubsection.B.2.1.1}{Transformation\040auf\040geographische\040Koordinaten}{subsection.B.2.1}% 517
\BOOKMARK [1][-]{section.B.3}{Mehrdimensionale\040Integralrechnung}{appendix.B}% 518
\BOOKMARK [2][-]{subsection.B.3.1}{Transporttheorem}{section.B.3}% 519
\BOOKMARK [0][-]{appendix.C}{Orthogonale\040Funktionensysteme}{part.8}% 520
\BOOKMARK [1][-]{section.C.1}{Komplexe\040Exponentialfunktionen}{appendix.C}% 521
\BOOKMARK [2][-]{subsection.C.1.1}{Faltungstheorem}{section.C.1}% 522
\BOOKMARK [1][-]{section.C.2}{Legendre-Polynome}{appendix.C}% 523
\BOOKMARK [1][-]{section.C.3}{Hermite-Polynome}{appendix.C}% 524
\BOOKMARK [1][-]{section.C.4}{Laguerre-Polynome}{appendix.C}% 525
\BOOKMARK [1][-]{section.C.5}{Kugelflächenfunktionen}{appendix.C}% 526
\BOOKMARK [2][-]{subsection.C.5.1}{Produkte}{section.C.5}% 527
\BOOKMARK [2][-]{subsection.C.5.2}{Transformation\040auf\040geographische\040Koordinaten}{section.C.5}% 528
\BOOKMARK [0][-]{appendix.D}{Geodäsie}{part.8}% 529
\BOOKMARK [1][-]{section.D.1}{Konvention über Koordinatensysteme}{appendix.D}% 530
\BOOKMARK [2][-]{subsection.D.1.1}{Ruhende\040Koordinaten}{section.D.1}% 531
\BOOKMARK [2][-]{subsection.D.1.2}{Globale\040Koordinaten}{section.D.1}% 532
\BOOKMARK [2][-]{subsection.D.1.3}{Geographische\040Koordinaten}{section.D.1}% 533
\BOOKMARK [1][-]{section.D.2}{Sphärische Geometrie}{appendix.D}% 534
\BOOKMARK [2][-]{subsection.D.2.1}{Geodäten}{section.D.2}% 535
\BOOKMARK [2][-]{subsection.D.2.2}{Vertikale Flächen}{section.D.2}% 536
\BOOKMARK [2][-]{subsection.D.2.3}{Volumina}{section.D.2}% 537
\BOOKMARK [2][-]{subsection.D.2.4}{Sphärische Dreiecke}{section.D.2}% 538
\BOOKMARK [2][-]{subsection.D.2.5}{Sphärische Voronoi-Gitter}{section.D.2}% 539
\BOOKMARK [1][-]{section.D.3}{Schwerefeld\040der\040Erde}{appendix.D}% 540
\BOOKMARK [2][-]{subsection.D.3.1}{Eigenschaften\040von\040Ellipsen\040und\040Ellipsoiden}{section.D.3}% 541
\BOOKMARK [2][-]{subsection.D.3.2}{Schwerefeld\040eines\040Ellipsoides}{section.D.3}% 542
\BOOKMARK [2][-]{subsection.D.3.3}{Forderungen an nicht-kugelförmige Koordinaten}{section.D.3}% 543
\BOOKMARK [2][-]{subsection.D.3.4}{Ellipsoidische\040Approximation\040des\040Schwerefeldes}{section.D.3}% 544
\BOOKMARK [2][-]{subsection.D.3.5}{Senkrechte\040Trajektorien}{section.D.3}% 545
\BOOKMARK [1][-]{section.D.4}{Great-Koordinaten}{appendix.D}% 546
\BOOKMARK [2][-]{subsection.D.4.1}{Vertikalkoordinate}{section.D.4}% 547
\BOOKMARK [2][-]{subsection.D.4.2}{Zonale\040Koordinate}{section.D.4}% 548
\BOOKMARK [2][-]{subsection.D.4.3}{Meridionale\040Koordinate}{section.D.4}% 549
\BOOKMARK [2][-]{subsection.D.4.4}{Metrischer\040Tensor}{section.D.4}% 550
\BOOKMARK [2][-]{subsection.D.4.5}{Transformation\040von\040Great-Koordinaten\040in\040globale\040Koordinaten}{section.D.4}% 551
\BOOKMARK [2][-]{subsection.D.4.6}{Transformation\040von\040globalen\040Koordinaten\040in\040Great-Koordinaten}{section.D.4}% 552
\BOOKMARK [2][-]{subsection.D.4.7}{Rotation\040in\040Great-Koordinaten}{section.D.4}% 553
\BOOKMARK [3][-]{subsubsection.D.4.7.1}{Lamb-Transformation\040in\040Great-Koordinaten}{subsection.D.4.7}% 554
\BOOKMARK [1][-]{section.D.5}{Ellipsoidische\040Geometrie}{appendix.D}% 555
\BOOKMARK [2][-]{subsection.D.5.1}{Ellipsoidische Geodäten}{section.D.5}% 556
\BOOKMARK [2][-]{subsection.D.5.2}{Ellipsoidische\040Dreiecke}{section.D.5}% 557
\BOOKMARK [2][-]{subsection.D.5.3}{Ellipsoidische\040Voronoi-Gitter}{section.D.5}% 558
